<?xml version="1.0" encoding="UTF-8"?>
<testsuite xmlns:xsi="http://www.w3.org/2001/XMLSchema-instance" xsi:noNamespaceSchemaLocation="https://maven.apache.org/surefire/maven-surefire-plugin/xsd/surefire-test-report.xsd" name="com.telephonedailpad.TestTelephoneDialPad" time="0.099" tests="11" errors="0" skipped="0" failures="0">
  <properties>
[...]
</properties>
  <testcase name="exceptionTesting" classname="com.telephonedailpad.TestTelephoneDialPad" time="0.03"/>
  <testcase name="testLowerCase" classname="com.telephonedailpad.TestTelephoneDialPad" time="0.001"/>
  <testcase name="testAlphabeticCombinations{String, String}[1]" classname="com.telephonedailpad.TestTelephoneDialPad" time="0.016"/>
  <testcase name="testAlphabeticCombinations{String, String}[2]" classname="com.telephonedailpad.TestTelephoneDialPad" time="0"/>
  <testcase name="testAlphabeticCombinations{String, String}[3]" classname="com.telephonedailpad.TestTelephoneDialPad" time="0.001"/>
  <testcase name="testAlphabeticCombinations{String, String}[4]" classname="com.telephonedailpad.TestTelephoneDialPad" time="0"/>
  <testcase name="testAlphabeticCombinations{String, String}[5]" classname="com.telephonedailpad.TestTelephoneDialPad" time="0"/>
  <testcase name="testAlphabeticCombinations{String, String}[6]" classname="com.telephonedailpad.TestTelephoneDialPad" time="0.001"/>
  <testcase name="testAlphabeticCombinations{String, String}[7]" classname="com.telephonedailpad.TestTelephoneDialPad" time="0"/>
  <testcase name="testAlphabeticCombinations{String, String}[8]" classname="com.telephonedailpad.TestTelephoneDialPad" time="0.002"/>
  <testcase name="testAlphabeticCombinations{String, String}[9]" classname="com.telephonedailpad.TestTelephoneDialPad" time="0.001"/>
</testsuite>